Info: Starting: Create block symbol file (.bsf)
Info: qsys-generate D:\Desktop\FPGA\Learn\hdmi_tx_1080p_60fps_nios_ii\nios_ii.qsys --block-symbol-file --output-directory=D:\Desktop\FPGA\Learn\hdmi_tx_1080p_60fps_nios_ii\nios_ii --family="Cyclone V" --part=5CSEMA6U23I7
Progress: Loading hdmi_tx_1080p_60fps_nios_ii/nios_ii.qsys
Progress: Reading input file
Progress: Adding clk_0 [clock_source 19.1]
Progress: Parameterizing module clk_0
Progress: Adding i2c_0 [altera_avalon_i2c 19.1]
Progress: Parameterizing module i2c_0
Progress: Adding jtag_uart_0 [altera_avalon_jtag_uart 19.1]
Progress: Parameterizing module jtag_uart_0
Progress: Adding led [altera_avalon_pio 19.1]
Progress: Parameterizing module led
Progress: Adding nios2_gen2_0 [altera_nios2_gen2 19.1]
Progress: Parameterizing module nios2_gen2_0
Progress: Adding onchip_memory2_0 [altera_avalon_onchip_memory2 19.1]
Progress: Parameterizing module onchip_memory2_0
Progress: Building connections
Progress: Parameterizing connections
Progress: Validating
Progress: Done reading input file
Info: nios_ii.jtag_uart_0: JTAG UART IP input clock need to be at least double (2x) the operating frequency of JTAG TCK on board
Info: nios_ii.i2c_0.rx_data_source/i2c_0.transfer_command_sink: The source data signal is 8 bits, but the sink is 16 bits. Avalon-ST Adapter will be inserted.
Info: qsys-generate succeeded.
Info: Finished: Create block symbol file (.bsf)
Info: 
Info: Starting: Create HDL design files for synthesis
Info: qsys-generate D:\Desktop\FPGA\Learn\hdmi_tx_1080p_60fps_nios_ii\nios_ii.qsys --synthesis=VERILOG --output-directory=D:\Desktop\FPGA\Learn\hdmi_tx_1080p_60fps_nios_ii\nios_ii\synthesis --family="Cyclone V" --part=5CSEMA6U23I7
Progress: Loading hdmi_tx_1080p_60fps_nios_ii/nios_ii.qsys
Progress: Reading input file
Progress: Adding clk_0 [clock_source 19.1]
Progress: Parameterizing module clk_0
Progress: Adding i2c_0 [altera_avalon_i2c 19.1]
Progress: Parameterizing module i2c_0
Progress: Adding jtag_uart_0 [altera_avalon_jtag_uart 19.1]
Progress: Parameterizing module jtag_uart_0
Progress: Adding led [altera_avalon_pio 19.1]
Progress: Parameterizing module led
Progress: Adding nios2_gen2_0 [altera_nios2_gen2 19.1]
Progress: Parameterizing module nios2_gen2_0
Progress: Adding onchip_memory2_0 [altera_avalon_onchip_memory2 19.1]
Progress: Parameterizing module onchip_memory2_0
Progress: Building connections
Progress: Parameterizing connections
Progress: Validating
Progress: Done reading input file
Info: nios_ii.jtag_uart_0: JTAG UART IP input clock need to be at least double (2x) the operating frequency of JTAG TCK on board
Info: nios_ii.i2c_0.rx_data_source/i2c_0.transfer_command_sink: The source data signal is 8 bits, but the sink is 16 bits. Avalon-ST Adapter will be inserted.
Info: nios_ii: Generating nios_ii "nios_ii" for QUARTUS_SYNTH
Info: avalon_st_adapter: Inserting data_format_adapter: data_format_adapter_0
Info: i2c_0: "nios_ii" instantiated altera_avalon_i2c "i2c_0"
Info: jtag_uart_0: Starting RTL generation for module 'nios_ii_jtag_uart_0'
Info: jtag_uart_0:   Generation command is [exec C:/intelfpga_lite/19.1/quartus/bin64/perl/bin/perl.exe -I C:/intelfpga_lite/19.1/quartus/sopc_builder/bin/europa -I C:/intelfpga_lite/19.1/quartus/sopc_builder/bin -I C:/intelfpga_lite/19.1/quartus/../ip/altera/sopc_builder_ip/common -I C:/intelfpga_lite/19.1/quartus/../ip/altera/sopc_builder_ip/altera_avalon_jtag_uart -- C:/intelfpga_lite/19.1/quartus/../ip/altera/sopc_builder_ip/altera_avalon_jtag_uart/generate_rtl.pl --name=nios_ii_jtag_uart_0 --dir=C:/Users/veryf/AppData/Local/Temp/alt8446_7864491786628584759.dir/0028_jtag_uart_0_gen/ --quartus_dir=C:/intelfpga_lite/19.1/quartus --verilog --config=C:/Users/veryf/AppData/Local/Temp/alt8446_7864491786628584759.dir/0028_jtag_uart_0_gen//nios_ii_jtag_uart_0_component_configuration.pl  --do_build_sim=0  ]
Info: jtag_uart_0: Done RTL generation for module 'nios_ii_jtag_uart_0'
Info: jtag_uart_0: "nios_ii" instantiated altera_avalon_jtag_uart "jtag_uart_0"
Info: led: Starting RTL generation for module 'nios_ii_led'
Info: led:   Generation command is [exec C:/intelfpga_lite/19.1/quartus/bin64/perl/bin/perl.exe -I C:/intelfpga_lite/19.1/quartus/sopc_builder/bin/europa -I C:/intelfpga_lite/19.1/quartus/sopc_builder/bin -I C:/intelfpga_lite/19.1/quartus/../ip/altera/sopc_builder_ip/common -I C:/intelfpga_lite/19.1/quartus/../ip/altera/sopc_builder_ip/altera_avalon_pio -- C:/intelfpga_lite/19.1/quartus/../ip/altera/sopc_builder_ip/altera_avalon_pio/generate_rtl.pl --name=nios_ii_led --dir=C:/Users/veryf/AppData/Local/Temp/alt8446_7864491786628584759.dir/0029_led_gen/ --quartus_dir=C:/intelfpga_lite/19.1/quartus --verilog --config=C:/Users/veryf/AppData/Local/Temp/alt8446_7864491786628584759.dir/0029_led_gen//nios_ii_led_component_configuration.pl  --do_build_sim=0  ]
Info: led: Done RTL generation for module 'nios_ii_led'
Info: led: "nios_ii" instantiated altera_avalon_pio "led"
Info: nios2_gen2_0: "nios_ii" instantiated altera_nios2_gen2 "nios2_gen2_0"
Info: onchip_memory2_0: Starting RTL generation for module 'nios_ii_onchip_memory2_0'
Info: onchip_memory2_0:   Generation command is [exec C:/intelfpga_lite/19.1/quartus/bin64/perl/bin/perl.exe -I C:/intelfpga_lite/19.1/quartus/sopc_builder/bin/europa -I C:/intelfpga_lite/19.1/quartus/sopc_builder/bin -I C:/intelfpga_lite/19.1/quartus/../ip/altera/sopc_builder_ip/common -I C:/intelfpga_lite/19.1/quartus/../ip/altera/sopc_builder_ip/altera_avalon_onchip_memory2 -- C:/intelfpga_lite/19.1/quartus/../ip/altera/sopc_builder_ip/altera_avalon_onchip_memory2/generate_rtl.pl --name=nios_ii_onchip_memory2_0 --dir=C:/Users/veryf/AppData/Local/Temp/alt8446_7864491786628584759.dir/0030_onchip_memory2_0_gen/ --quartus_dir=C:/intelfpga_lite/19.1/quartus --verilog --config=C:/Users/veryf/AppData/Local/Temp/alt8446_7864491786628584759.dir/0030_onchip_memory2_0_gen//nios_ii_onchip_memory2_0_component_configuration.pl  --do_build_sim=0  ]
Info: onchip_memory2_0: Done RTL generation for module 'nios_ii_onchip_memory2_0'
Info: onchip_memory2_0: "nios_ii" instantiated altera_avalon_onchip_memory2 "onchip_memory2_0"
Info: avalon_st_adapter: Inserting error_adapter: error_adapter_0
Info: avalon_st_adapter_001: Inserting error_adapter: error_adapter_0
Info: avalon_st_adapter_002: Inserting error_adapter: error_adapter_0
Info: avalon_st_adapter_003: Inserting error_adapter: error_adapter_0
Info: avalon_st_adapter_004: Inserting error_adapter: error_adapter_0
Info: mm_interconnect_0: "nios_ii" instantiated altera_mm_interconnect "mm_interconnect_0"
Info: irq_mapper: "nios_ii" instantiated altera_irq_mapper "irq_mapper"
Info: avalon_st_adapter: "nios_ii" instantiated altera_avalon_st_adapter "avalon_st_adapter"
Info: rst_controller: "nios_ii" instantiated altera_reset_controller "rst_controller"
Info: cpu: Starting RTL generation for module 'nios_ii_nios2_gen2_0_cpu'
Info: cpu:   Generation command is [exec C:/intelFPGA_lite/19.1/quartus/bin64//perl/bin/perl.exe -I C:/intelfpga_lite/19.1/quartus/sopc_builder/bin/europa -I C:/intelfpga_lite/19.1/quartus/sopc_builder/bin -I C:/intelfpga_lite/19.1/quartus/../ip/altera/nios2_ip/altera_nios2_gen2/cpu_lib -I C:/intelfpga_lite/19.1/quartus/../ip/altera/nios2_ip/altera_nios2_gen2/nios_lib -I C:/intelfpga_lite/19.1/quartus/../ip/altera/nios2_ip/altera_nios2_gen2 -I C:/intelfpga_lite/19.1/quartus/../ip/altera/nios2_ip/altera_nios2_gen2 -- C:/intelfpga_lite/19.1/quartus/../ip/altera/nios2_ip/altera_nios2_gen2/generate_rtl.pl --name=nios_ii_nios2_gen2_0_cpu --dir=C:/Users/veryf/AppData/Local/Temp/alt8446_7864491786628584759.dir/0033_cpu_gen/ --quartus_bindir=C:/intelFPGA_lite/19.1/quartus/bin64/ --verilog --config=C:/Users/veryf/AppData/Local/Temp/alt8446_7864491786628584759.dir/0033_cpu_gen//nios_ii_nios2_gen2_0_cpu_processor_configuration.pl  --do_build_sim=0  ]
Info: cpu: # 2020.07.04 00:49:08 (*) Starting Nios II generation
Info: cpu: # 2020.07.04 00:49:08 (*)   Elaborating CPU configuration settings
Info: cpu: # 2020.07.04 00:49:08 (*)   Creating all objects for CPU
Info: cpu: # 2020.07.04 00:49:10 (*)   Generating RTL from CPU objects
Info: cpu: # 2020.07.04 00:49:10 (*)   Creating plain-text RTL
Info: cpu: # 2020.07.04 00:49:11 (*) Done Nios II generation
Info: cpu: Done RTL generation for module 'nios_ii_nios2_gen2_0_cpu'
Info: cpu: "nios2_gen2_0" instantiated altera_nios2_gen2_unit "cpu"
Info: nios2_gen2_0_data_master_translator: "mm_interconnect_0" instantiated altera_merlin_master_translator "nios2_gen2_0_data_master_translator"
Info: jtag_uart_0_avalon_jtag_slave_translator: "mm_interconnect_0" instantiated altera_merlin_slave_translator "jtag_uart_0_avalon_jtag_slave_translator"
Info: nios2_gen2_0_data_master_agent: "mm_interconnect_0" instantiated altera_merlin_master_agent "nios2_gen2_0_data_master_agent"
Info: jtag_uart_0_avalon_jtag_slave_agent: "mm_interconnect_0" instantiated altera_merlin_slave_agent "jtag_uart_0_avalon_jtag_slave_agent"
Info: jtag_uart_0_avalon_jtag_slave_agent_rsp_fifo: "mm_interconnect_0" instantiated altera_avalon_sc_fifo "jtag_uart_0_avalon_jtag_slave_agent_rsp_fifo"
Info: router: "mm_interconnect_0" instantiated altera_merlin_router "router"
Info: router_001: "mm_interconnect_0" instantiated altera_merlin_router "router_001"
Info: router_002: "mm_interconnect_0" instantiated altera_merlin_router "router_002"
Info: router_004: "mm_interconnect_0" instantiated altera_merlin_router "router_004"
Info: cmd_demux: "mm_interconnect_0" instantiated altera_merlin_demultiplexer "cmd_demux"
Info: cmd_demux_001: "mm_interconnect_0" instantiated altera_merlin_demultiplexer "cmd_demux_001"
Info: cmd_mux: "mm_interconnect_0" instantiated altera_merlin_multiplexer "cmd_mux"
Info: cmd_mux_002: "mm_interconnect_0" instantiated altera_merlin_multiplexer "cmd_mux_002"
Info: Reusing file D:/Desktop/FPGA/Learn/hdmi_tx_1080p_60fps_nios_ii/nios_ii/synthesis/submodules/altera_merlin_arbitrator.sv
Info: rsp_demux: "mm_interconnect_0" instantiated altera_merlin_demultiplexer "rsp_demux"
Info: rsp_mux: "mm_interconnect_0" instantiated altera_merlin_multiplexer "rsp_mux"
Info: Reusing file D:/Desktop/FPGA/Learn/hdmi_tx_1080p_60fps_nios_ii/nios_ii/synthesis/submodules/altera_merlin_arbitrator.sv
Info: rsp_mux_001: "mm_interconnect_0" instantiated altera_merlin_multiplexer "rsp_mux_001"
Info: Reusing file D:/Desktop/FPGA/Learn/hdmi_tx_1080p_60fps_nios_ii/nios_ii/synthesis/submodules/altera_merlin_arbitrator.sv
Info: avalon_st_adapter: "mm_interconnect_0" instantiated altera_avalon_st_adapter "avalon_st_adapter"
Info: data_format_adapter_0: "avalon_st_adapter" instantiated data_format_adapter "data_format_adapter_0"
Info: error_adapter_0: "avalon_st_adapter" instantiated error_adapter "error_adapter_0"
Info: nios_ii: Done "nios_ii" with 30 modules, 54 files
Info: qsys-generate succeeded.
Info: Finished: Create HDL design files for synthesis
