Flow report for hdmi_tx_1080p_60fps
Sat Jul 04 13:38:01 2020
Quartus Prime Version 19.1.0 Build 670 09/22/2019 SJ Lite Edition


---------------------
; Table of Contents ;
---------------------
  1. Legal Notice
  2. Flow Summary
  3. Flow Settings
  4. Flow Non-Default Global Settings
  5. Flow Elapsed Time
  6. Flow OS Summary
  7. Flow Log
  8. Flow Messages
  9. Flow Suppressed Messages



----------------
; Legal Notice ;
----------------
Copyright (C) 2019  Intel Corporation. All rights reserved.
Your use of Intel Corporation's design tools, logic functions 
and other software and tools, and any partner logic 
functions, and any output files from any of the foregoing 
(including device programming or simulation files), and any 
associated documentation or information are expressly subject 
to the terms and conditions of the Intel Program License 
Subscription Agreement, the Intel Quartus Prime License Agreement,
the Intel FPGA IP License Agreement, or other applicable license
agreement, including, without limitation, that your use is for
the sole purpose of programming logic devices manufactured by
Intel and sold by Intel or its authorized distributors.  Please
refer to the applicable agreement for further details, at
https://fpgasoftware.intel.com/eula.



+-------------------------------------------------------------------------------+
; Flow Summary                                                                  ;
+---------------------------------+---------------------------------------------+
; Flow Status                     ; Successful - Sat Jul 04 13:38:01 2020       ;
; Quartus Prime Version           ; 19.1.0 Build 670 09/22/2019 SJ Lite Edition ;
; Revision Name                   ; hdmi_tx_1080p_60fps                         ;
; Top-level Entity Name           ; hdmi_tx_1080p_60fps                         ;
; Family                          ; Cyclone V                                   ;
; Device                          ; 5CSEMA6U23I7                                ;
; Timing Models                   ; Final                                       ;
; Logic utilization (in ALMs)     ; 1,222 / 41,910 ( 3 % )                      ;
; Total registers                 ; 1767                                        ;
; Total pins                      ; 36 / 314 ( 11 % )                           ;
; Total virtual pins              ; 0                                           ;
; Total block memory bits         ; 539,976 / 5,662,720 ( 10 % )                ;
; Total DSP Blocks                ; 0 / 112 ( 0 % )                             ;
; Total HSSI RX PCSs              ; 0                                           ;
; Total HSSI PMA RX Deserializers ; 0                                           ;
; Total HSSI TX PCSs              ; 0                                           ;
; Total HSSI PMA TX Serializers   ; 0                                           ;
; Total PLLs                      ; 1 / 6 ( 17 % )                              ;
; Total DLLs                      ; 0 / 4 ( 0 % )                               ;
+---------------------------------+---------------------------------------------+


+-----------------------------------------+
; Flow Settings                           ;
+-------------------+---------------------+
; Option            ; Setting             ;
+-------------------+---------------------+
; Start date & time ; 07/04/2020 13:35:12 ;
; Main task         ; Compilation         ;
; Revision Name     ; hdmi_tx_1080p_60fps ;
+-------------------+---------------------+


+---------------------------------------------------------------------------------------------------------------------------------------------------------+
; Flow Non-Default Global Settings                                                                                                                        ;
+--------------------------------------+-----------------------------------------------------------+---------------+-------------+------------------------+
; Assignment Name                      ; Value                                                     ; Default Value ; Entity Name ; Section Id             ;
+--------------------------------------+-----------------------------------------------------------+---------------+-------------+------------------------+
; COMPILER_SIGNATURE_ID                ; 141812762972019.159383731100716                           ; --            ; --          ; --                     ;
; EDA_DESIGN_INSTANCE_NAME             ; NA                                                        ; --            ; --          ; tb_hdmi_tx_1080p_60fps ;
; EDA_NATIVELINK_SIMULATION_TEST_BENCH ; tb_hdmi_tx_1080p_60fps                                    ; --            ; --          ; eda_simulation         ;
; EDA_OUTPUT_DATA_FORMAT               ; Verilog Hdl                                               ; --            ; --          ; eda_simulation         ;
; EDA_SIMULATION_TOOL                  ; ModelSim-Altera (Verilog)                                 ; <None>        ; --          ; --                     ;
; EDA_TEST_BENCH_ENABLE_STATUS         ; TEST_BENCH_MODE                                           ; --            ; --          ; eda_simulation         ;
; EDA_TEST_BENCH_FILE                  ; src/tb_hdmi_tx_1080p_60fps.v                              ; --            ; --          ; tb_hdmi_tx_1080p_60fps ;
; EDA_TEST_BENCH_MODULE_NAME           ; tb_hdmi_tx_1080p_60fps                                    ; --            ; --          ; tb_hdmi_tx_1080p_60fps ;
; EDA_TEST_BENCH_NAME                  ; tb_hdmi_tx_1080p_60fps                                    ; --            ; --          ; eda_simulation         ;
; EDA_TIME_SCALE                       ; 1 ps                                                      ; --            ; --          ; eda_simulation         ;
; ENABLE_SIGNALTAP                     ; On                                                        ; --            ; --          ; --                     ;
; MAX_CORE_JUNCTION_TEMP               ; 100                                                       ; --            ; --          ; --                     ;
; MIN_CORE_JUNCTION_TEMP               ; -40                                                       ; --            ; --          ; --                     ;
; MISC_FILE                            ; nios_ii/synthesis/../nios_ii.cmp                          ; --            ; --          ; --                     ;
; MISC_FILE                            ; nios_ii/synthesis/../../nios_ii.qsys                      ; --            ; --          ; --                     ;
; MISC_FILE                            ; pll.cmp                                                   ; --            ; --          ; --                     ;
; MISC_FILE                            ; pll_sim/pll.vo                                            ; --            ; --          ; --                     ;
; NUM_PARALLEL_PROCESSORS              ; All                                                       ; --            ; --          ; --                     ;
; OUTPUT_IO_TIMING_FAR_END_VMEAS       ; Half Signal Swing                                         ; --            ; --          ; --                     ;
; OUTPUT_IO_TIMING_FAR_END_VMEAS       ; Half Signal Swing                                         ; --            ; --          ; --                     ;
; OUTPUT_IO_TIMING_NEAR_END_VMEAS      ; Half Vccio                                                ; --            ; --          ; --                     ;
; OUTPUT_IO_TIMING_NEAR_END_VMEAS      ; Half Vccio                                                ; --            ; --          ; --                     ;
; PARTITION_COLOR                      ; -- (Not supported for targeted family)                    ; --            ; --          ; Top                    ;
; PARTITION_FITTER_PRESERVATION_LEVEL  ; -- (Not supported for targeted family)                    ; --            ; --          ; Top                    ;
; PARTITION_NETLIST_TYPE               ; -- (Not supported for targeted family)                    ; --            ; --          ; Top                    ;
; POWER_BOARD_THERMAL_MODEL            ; None (CONSERVATIVE)                                       ; --            ; --          ; --                     ;
; POWER_PRESET_COOLING_SOLUTION        ; 23 MM HEAT SINK WITH 200 LFPM AIRFLOW                     ; --            ; --          ; --                     ;
; PROJECT_OUTPUT_DIRECTORY             ; output_files                                              ; --            ; --          ; --                     ;
; SLD_FILE                             ; nios_ii/synthesis/nios_ii.regmap                          ; --            ; --          ; --                     ;
; SLD_FILE                             ; nios_ii/synthesis/nios_ii.debuginfo                       ; --            ; --          ; --                     ;
; SLD_FILE                             ; db/stp1_auto_stripped.stp                                 ; --            ; --          ; --                     ;
; SLD_INFO                             ; QSYS_NAME nios_ii HAS_SOPCINFO 1 GENERATION_ID 1593836765 ; --            ; nios_ii     ; --                     ;
; SLD_NODE_CREATOR_ID                  ; 110                                                       ; --            ; --          ; auto_signaltap_0       ;
; SLD_NODE_ENTITY_NAME                 ; sld_signaltap                                             ; --            ; --          ; auto_signaltap_0       ;
; SLD_NODE_PARAMETER_ASSIGNMENT        ; SLD_RAM_BLOCK_TYPE=AUTO                                   ; --            ; --          ; auto_signaltap_0       ;
; SLD_NODE_PARAMETER_ASSIGNMENT        ; SLD_NODE_INFO=805334528                                   ; --            ; --          ; auto_signaltap_0       ;
; SLD_NODE_PARAMETER_ASSIGNMENT        ; SLD_POWER_UP_TRIGGER=0                                    ; --            ; --          ; auto_signaltap_0       ;
; SLD_NODE_PARAMETER_ASSIGNMENT        ; SLD_STORAGE_QUALIFIER_INVERSION_MASK_LENGTH=0             ; --            ; --          ; auto_signaltap_0       ;
; SLD_NODE_PARAMETER_ASSIGNMENT        ; SLD_SEGMENT_SIZE=1024                                     ; --            ; --          ; auto_signaltap_0       ;
; SLD_NODE_PARAMETER_ASSIGNMENT        ; SLD_ATTRIBUTE_MEM_MODE=OFF                                ; --            ; --          ; auto_signaltap_0       ;
; SLD_NODE_PARAMETER_ASSIGNMENT        ; SLD_STATE_FLOW_USE_GENERATED=0                            ; --            ; --          ; auto_signaltap_0       ;
; SLD_NODE_PARAMETER_ASSIGNMENT        ; SLD_STATE_BITS=11                                         ; --            ; --          ; auto_signaltap_0       ;
; SLD_NODE_PARAMETER_ASSIGNMENT        ; SLD_BUFFER_FULL_STOP=1                                    ; --            ; --          ; auto_signaltap_0       ;
; SLD_NODE_PARAMETER_ASSIGNMENT        ; SLD_CURRENT_RESOURCE_WIDTH=1                              ; --            ; --          ; auto_signaltap_0       ;
; SLD_NODE_PARAMETER_ASSIGNMENT        ; SLD_INCREMENTAL_ROUTING=1                                 ; --            ; --          ; auto_signaltap_0       ;
; SLD_NODE_PARAMETER_ASSIGNMENT        ; SLD_TRIGGER_LEVEL=1                                       ; --            ; --          ; auto_signaltap_0       ;
; SLD_NODE_PARAMETER_ASSIGNMENT        ; SLD_SAMPLE_DEPTH=1024                                     ; --            ; --          ; auto_signaltap_0       ;
; SLD_NODE_PARAMETER_ASSIGNMENT        ; SLD_TRIGGER_IN_ENABLED=0                                  ; --            ; --          ; auto_signaltap_0       ;
; SLD_NODE_PARAMETER_ASSIGNMENT        ; SLD_TRIGGER_PIPELINE=0                                    ; --            ; --          ; auto_signaltap_0       ;
; SLD_NODE_PARAMETER_ASSIGNMENT        ; SLD_COUNTER_PIPELINE=0                                    ; --            ; --          ; auto_signaltap_0       ;
; SLD_NODE_PARAMETER_ASSIGNMENT        ; SLD_ADVANCED_TRIGGER_ENTITY=basic,1,                      ; --            ; --          ; auto_signaltap_0       ;
; SLD_NODE_PARAMETER_ASSIGNMENT        ; SLD_TRIGGER_LEVEL_PIPELINE=1                              ; --            ; --          ; auto_signaltap_0       ;
; SLD_NODE_PARAMETER_ASSIGNMENT        ; SLD_ENABLE_ADVANCED_TRIGGER=0                             ; --            ; --          ; auto_signaltap_0       ;
; SLD_NODE_PARAMETER_ASSIGNMENT        ; SLD_DATA_BITS=4                                           ; --            ; --          ; auto_signaltap_0       ;
; SLD_NODE_PARAMETER_ASSIGNMENT        ; SLD_TRIGGER_BITS=4                                        ; --            ; --          ; auto_signaltap_0       ;
; SLD_NODE_PARAMETER_ASSIGNMENT        ; SLD_STORAGE_QUALIFIER_BITS=4                              ; --            ; --          ; auto_signaltap_0       ;
; SLD_NODE_PARAMETER_ASSIGNMENT        ; SLD_INVERSION_MASK=000000000000000000000000000000000000   ; --            ; --          ; auto_signaltap_0       ;
; SLD_NODE_PARAMETER_ASSIGNMENT        ; SLD_INVERSION_MASK_LENGTH=36                              ; --            ; --          ; auto_signaltap_0       ;
; SLD_NODE_PARAMETER_ASSIGNMENT        ; SLD_RAM_PIPELINE=1                                        ; --            ; --          ; auto_signaltap_0       ;
; SOPCINFO_FILE                        ; nios_ii/synthesis/../../nios_ii.sopcinfo                  ; --            ; --          ; --                     ;
; SPD_FILE                             ; pll.spd                                                   ; --            ; --          ; --                     ;
; SYNTHESIS_ONLY_QIP                   ; On                                                        ; --            ; --          ; --                     ;
; SYNTHESIS_ONLY_QIP                   ; On                                                        ; --            ; --          ; --                     ;
; USE_SIGNALTAP_FILE                   ; stp1.stp                                                  ; --            ; --          ; --                     ;
+--------------------------------------+-----------------------------------------------------------+---------------+-------------+------------------------+


+--------------------------------------------------------------------------------------------------------------------------+
; Flow Elapsed Time                                                                                                        ;
+----------------------+--------------+-------------------------+---------------------+------------------------------------+
; Module Name          ; Elapsed Time ; Average Processors Used ; Peak Virtual Memory ; Total CPU Time (on all processors) ;
+----------------------+--------------+-------------------------+---------------------+------------------------------------+
; Analysis & Synthesis ; 00:00:38     ; 1.0                     ; 5011 MB             ; 00:01:09                           ;
; Fitter               ; 00:01:22     ; 1.2                     ; 6778 MB             ; 00:02:58                           ;
; Assembler            ; 00:00:17     ; 1.0                     ; 4897 MB             ; 00:00:16                           ;
; Timing Analyzer      ; 00:00:18     ; 1.6                     ; 5349 MB             ; 00:00:24                           ;
; EDA Netlist Writer   ; 00:00:05     ; 1.0                     ; 4869 MB             ; 00:00:04                           ;
; Total                ; 00:02:40     ; --                      ; --                  ; 00:04:51                           ;
+----------------------+--------------+-------------------------+---------------------+------------------------------------+


+------------------------------------------------------------------------------------+
; Flow OS Summary                                                                    ;
+----------------------+------------------+------------+------------+----------------+
; Module Name          ; Machine Hostname ; OS Name    ; OS Version ; Processor type ;
+----------------------+------------------+------------+------------+----------------+
; Analysis & Synthesis ; DESKTOP-N4CP9JR  ; Windows 10 ; 10.0       ; x86_64         ;
; Fitter               ; DESKTOP-N4CP9JR  ; Windows 10 ; 10.0       ; x86_64         ;
; Assembler            ; DESKTOP-N4CP9JR  ; Windows 10 ; 10.0       ; x86_64         ;
; Timing Analyzer      ; DESKTOP-N4CP9JR  ; Windows 10 ; 10.0       ; x86_64         ;
; EDA Netlist Writer   ; DESKTOP-N4CP9JR  ; Windows 10 ; 10.0       ; x86_64         ;
+----------------------+------------------+------------+------------+----------------+


------------
; Flow Log ;
------------
quartus_map --read_settings_files=on --write_settings_files=off hdmi_tx_1080p_60fps -c hdmi_tx_1080p_60fps
quartus_fit --read_settings_files=off --write_settings_files=off hdmi_tx_1080p_60fps -c hdmi_tx_1080p_60fps
quartus_asm --read_settings_files=off --write_settings_files=off hdmi_tx_1080p_60fps -c hdmi_tx_1080p_60fps
quartus_sta hdmi_tx_1080p_60fps -c hdmi_tx_1080p_60fps
quartus_eda --read_settings_files=off --write_settings_files=off hdmi_tx_1080p_60fps -c hdmi_tx_1080p_60fps



